22/06/26 18:48 – Paquete registrado ABC2345
22/06/26 19:07 – Ingreso de cliente Juan
22/06/26 19:07 – Ingreso de funcionario Fernando
22/06/26 19:08 – Ingreso de funcionario Roberto
22/06/26 19:25 – Paquete registrado ABCD123
22/06/26 19:25 – Paquete registrado ABCD11234
22/06/26 19:27 – Paquete registrado AB2345
22/06/26 19:27 – Ingreso de envío número 1
22/06/26 19:28 – Recepción de envío número 1
22/06/26 19:28 – Paquete registrado ABCD
22/06/26 19:28 – Paquete registrado 1234AAA
22/06/26 19:28 – Ingreso de envío número 2
22/06/26 19:29 – Ingreso de envío número 3
22/06/26 19:30 – Recepción de envío número 2
22/06/26 19:30 – Paquete registrado vc123
22/06/26 19:31 – Ingreso de envío número 4
22/06/26 20:23 – Ingreso de funcionario Alberto
22/06/26 20:26 – Ingreso de cliente Juan
22/06/26 20:26 – Ingreso de cliente Pedro
22/06/26 20:27 – Ingreso de funcionario Roberto
